Added Component: Designator=D1(Diode)
Added Component: Designator=D2(Diode)
Added Component: Designator=D3(Diode)
Added Component: Designator=D4(Diode)
Added Component: Designator=D5(Diode)
Added Component: Designator=D6(Diode)
Added Component: Designator=D7(Diode)
Added Component: Designator=D8(Diode)
Added Component: Designator=D9(Diode)
Added Component: Designator=K1(Socket)
Added Component: Designator=K2(Socket)
Added Component: Designator=K3(Socket)
Added Component: Designator=K4(Socket)
Added Component: Designator=K5(Socket)
Added Component: Designator=K6(Socket)
Added Component: Designator=K7(Socket)
Added Component: Designator=K8(Socket)
Added Component: Designator=K9(Socket)
Added Component: Designator=SW1(Reset)
Added Component: Designator=U1(Pro-Micro)
Added Pin To Net: NetName=GND Pin=SW1-2
Added Pin To Net: NetName=GND Pin=U1-3
Added Pin To Net: NetName=GND Pin=U1-4
Added Pin To Net: NetName=GND Pin=U1-23
Added Net: Name=GND
Added Pin To Net: NetName=NetD1_1 Pin=U1-10
Added Net: Name=NetD1_1
Added Pin To Net: NetName=NetD1_2 Pin=K1-2
Added Pin To Net: NetName=NetD1_2 Pin=K1-2
Added Net: Name=NetD1_2
Added Pin To Net: NetName=NetD2_2 Pin=K2-2
Added Pin To Net: NetName=NetD2_2 Pin=K2-2
Added Net: Name=NetD2_2
Added Pin To Net: NetName=NetD3_2 Pin=K3-2
Added Pin To Net: NetName=NetD3_2 Pin=K3-2
Added Net: Name=NetD3_2
Added Pin To Net: NetName=NetD4_1 Pin=U1-11
Added Net: Name=NetD4_1
Added Pin To Net: NetName=NetD4_2 Pin=K4-2
Added Pin To Net: NetName=NetD4_2 Pin=K4-2
Added Net: Name=NetD4_2
Added Pin To Net: NetName=NetD5_2 Pin=K5-2
Added Pin To Net: NetName=NetD5_2 Pin=K5-2
Added Net: Name=NetD5_2
Added Pin To Net: NetName=NetD6_2 Pin=K6-2
Added Pin To Net: NetName=NetD6_2 Pin=K6-2
Added Net: Name=NetD6_2
Added Pin To Net: NetName=NetD7_1 Pin=U1-12
Added Net: Name=NetD7_1
Added Pin To Net: NetName=NetD7_2 Pin=K7-2
Added Pin To Net: NetName=NetD7_2 Pin=K7-2
Added Net: Name=NetD7_2
Added Pin To Net: NetName=NetD8_2 Pin=K8-2
Added Pin To Net: NetName=NetD8_2 Pin=K8-2
Added Net: Name=NetD8_2
Added Pin To Net: NetName=NetD9_2 Pin=K9-2
Added Pin To Net: NetName=NetD9_2 Pin=K9-2
Added Net: Name=NetD9_2
Added Pin To Net: NetName=NetK1_1 Pin=K1-1
Added Pin To Net: NetName=NetK1_1 Pin=K1-1
Added Pin To Net: NetName=NetK1_1 Pin=K1-1
Added Pin To Net: NetName=NetK1_1 Pin=K1-1
Added Pin To Net: NetName=NetK1_1 Pin=K1-1
Added Pin To Net: NetName=NetK1_1 Pin=K4-1
Added Pin To Net: NetName=NetK1_1 Pin=K4-1
Added Pin To Net: NetName=NetK1_1 Pin=K4-1
Added Pin To Net: NetName=NetK1_1 Pin=K4-1
Added Pin To Net: NetName=NetK1_1 Pin=K4-1
Added Pin To Net: NetName=NetK1_1 Pin=K7-1
Added Pin To Net: NetName=NetK1_1 Pin=K7-1
Added Pin To Net: NetName=NetK1_1 Pin=K7-1
Added Pin To Net: NetName=NetK1_1 Pin=K7-1
Added Pin To Net: NetName=NetK1_1 Pin=K7-1
Added Pin To Net: NetName=NetK1_1 Pin=U1-15
Added Net: Name=NetK1_1
Added Pin To Net: NetName=NetK2_1 Pin=K2-1
Added Pin To Net: NetName=NetK2_1 Pin=K2-1
Added Pin To Net: NetName=NetK2_1 Pin=K2-1
Added Pin To Net: NetName=NetK2_1 Pin=K2-1
Added Pin To Net: NetName=NetK2_1 Pin=K2-1
Added Pin To Net: NetName=NetK2_1 Pin=K5-1
Added Pin To Net: NetName=NetK2_1 Pin=K5-1
Added Pin To Net: NetName=NetK2_1 Pin=K5-1
Added Pin To Net: NetName=NetK2_1 Pin=K5-1
Added Pin To Net: NetName=NetK2_1 Pin=K5-1
Added Pin To Net: NetName=NetK2_1 Pin=K8-1
Added Pin To Net: NetName=NetK2_1 Pin=K8-1
Added Pin To Net: NetName=NetK2_1 Pin=K8-1
Added Pin To Net: NetName=NetK2_1 Pin=K8-1
Added Pin To Net: NetName=NetK2_1 Pin=K8-1
Added Pin To Net: NetName=NetK2_1 Pin=U1-14
Added Net: Name=NetK2_1
Added Pin To Net: NetName=NetK3_1 Pin=K3-1
Added Pin To Net: NetName=NetK3_1 Pin=K3-1
Added Pin To Net: NetName=NetK3_1 Pin=K3-1
Added Pin To Net: NetName=NetK3_1 Pin=K3-1
Added Pin To Net: NetName=NetK3_1 Pin=K3-1
Added Pin To Net: NetName=NetK3_1 Pin=K6-1
Added Pin To Net: NetName=NetK3_1 Pin=K6-1
Added Pin To Net: NetName=NetK3_1 Pin=K6-1
Added Pin To Net: NetName=NetK3_1 Pin=K6-1
Added Pin To Net: NetName=NetK3_1 Pin=K6-1
Added Pin To Net: NetName=NetK3_1 Pin=K9-1
Added Pin To Net: NetName=NetK3_1 Pin=K9-1
Added Pin To Net: NetName=NetK3_1 Pin=K9-1
Added Pin To Net: NetName=NetK3_1 Pin=K9-1
Added Pin To Net: NetName=NetK3_1 Pin=K9-1
Added Pin To Net: NetName=NetK3_1 Pin=U1-13
Added Net: Name=NetK3_1
Added Pin To Net: NetName=NetSW1_1 Pin=SW1-1
Added Pin To Net: NetName=NetSW1_1 Pin=U1-22
Added Net: Name=NetSW1_1
Added Member To Class: ClassName=Macropadmod Member=Component D1 D
Added Member To Class: ClassName=Macropadmod Member=Component D2 D
Added Member To Class: ClassName=Macropadmod Member=Component D3 D
Added Member To Class: ClassName=Macropadmod Member=Component D4 D
Added Member To Class: ClassName=Macropadmod Member=Component D5 D
Added Member To Class: ClassName=Macropadmod Member=Component D6 D
Added Member To Class: ClassName=Macropadmod Member=Component D7 D
Added Member To Class: ClassName=Macropadmod Member=Component D8 D
Added Member To Class: ClassName=Macropadmod Member=Component D9 D
Added Member To Class: ClassName=Macropadmod Member=Component K1 KEYSW-canadian_parts
Added Member To Class: ClassName=Macropadmod Member=Component K2 KEYSW-canadian_parts
Added Member To Class: ClassName=Macropadmod Member=Component K3 KEYSW-canadian_parts
Added Member To Class: ClassName=Macropadmod Member=Component K4 KEYSW-canadian_parts
Added Member To Class: ClassName=Macropadmod Member=Component K5 KEYSW-canadian_parts
Added Member To Class: ClassName=Macropadmod Member=Component K6 KEYSW-canadian_parts
Added Member To Class: ClassName=Macropadmod Member=Component K7 KEYSW-canadian_parts
Added Member To Class: ClassName=Macropadmod Member=Component K8 KEYSW-canadian_parts
Added Member To Class: ClassName=Macropadmod Member=Component K9 KEYSW-canadian_parts
Added Member To Class: ClassName=Macropadmod Member=Component SW1 SW_Push
Added Member To Class: ClassName=Macropadmod Member=Component U1 ProMicro-keebio
Added Room: Name=Macropadmod
